Wednesday, 13 July, 2022 9:14:06 PM

ZipExtractor started with following command line arguments.
[0] D:\Desktop\ToolCSharpAndSourceCode\ToolRegFB\Rabbit\Rabbit\bin\Debug\net461\update\ZipExtractor.exe
[1] update\update.zip
[2] D:\Desktop\ToolCSharpAndSourceCode\ToolRegFB\Rabbit\Rabbit\bin\Debug\net461
[3] D:\Desktop\ToolCSharpAndSourceCode\ToolRegFB\Rabbit\Rabbit\bin\Debug\net461\ToolRegFB.exe

BackgroundWorker started successfully.
Found total of 1 files and folders inside the zip file.
Extracting ToolRegFB.exe [100%]
Successfully launched the updated application.


Wednesday, 13 July, 2022 10:11:26 PM

ZipExtractor started with following command line arguments.
[0] D:\Desktop\ToolCSharpAndSourceCode\ToolRegFB\Rabbit\Rabbit\bin\Debug\net461\update\ZipExtractor.exe
[1] update\update.zip
[2] D:\Desktop\ToolCSharpAndSourceCode\ToolRegFB\Rabbit\Rabbit\bin\Debug\net461
[3] D:\Desktop\ToolCSharpAndSourceCode\ToolRegFB\Rabbit\Rabbit\bin\Debug\net461\ToolRegFB.exe

BackgroundWorker started successfully.
Found total of 1 files and folders inside the zip file.
Extracting ToolRegFB.exe [100%]
Successfully launched the updated application.


Wednesday, 13 July, 2022 10:14:26 PM

ZipExtractor started with following command line arguments.
[0] D:\Desktop\ToolCSharpAndSourceCode\ToolRegFB\Rabbit\Rabbit\bin\Debug\net461\update\ZipExtractor.exe
[1] update\update.zip
[2] D:\Desktop\ToolCSharpAndSourceCode\ToolRegFB\Rabbit\Rabbit\bin\Debug\net461
[3] D:\Desktop\ToolCSharpAndSourceCode\ToolRegFB\Rabbit\Rabbit\bin\Debug\net461\ToolRegFB.exe

BackgroundWorker started successfully.
Found total of 1 files and folders inside the zip file.
Extracting ToolRegFB.exe [100%]
Successfully launched the updated application.


Wednesday, 13 July, 2022 10:16:00 PM

ZipExtractor started with following command line arguments.
[0] D:\Desktop\ToolCSharpAndSourceCode\ToolRegFB\Rabbit\Rabbit\bin\Debug\net461\update\ZipExtractor.exe
[1] update\update.zip
[2] D:\Desktop\ToolCSharpAndSourceCode\ToolRegFB\Rabbit\Rabbit\bin\Debug\net461
[3] D:\Desktop\ToolCSharpAndSourceCode\ToolRegFB\Rabbit\Rabbit\bin\Debug\net461\ToolRegFB.exe

BackgroundWorker started successfully.
Found total of 1 files and folders inside the zip file.
Extracting ToolRegFB.exe [100%]
Successfully launched the updated application.


Wednesday, 13 July, 2022 10:18:06 PM

ZipExtractor started with following command line arguments.
[0] D:\Desktop\ToolCSharpAndSourceCode\ToolRegFB\Rabbit\Rabbit\bin\Debug\net461\update\ZipExtractor.exe
[1] update\update.zip
[2] D:\Desktop\ToolCSharpAndSourceCode\ToolRegFB\Rabbit\Rabbit\bin\Debug\net461
[3] D:\Desktop\ToolCSharpAndSourceCode\ToolRegFB\Rabbit\Rabbit\bin\Debug\net461\ToolRegFB.exe

BackgroundWorker started successfully.
Found total of 1 files and folders inside the zip file.
Extracting ToolRegFB.exe [100%]
Successfully launched the updated application.


Thursday, 12 January, 2023 3:15:00 AM

ZipExtractor started with following command line arguments.
[0] D:\Desktop\ToolCSharpAndSourceCode\ToolRegFB\Rabbit\RabbitSell\bin\Debug\net461\update\ZipExtractor.exe
[1] update\update.zip
[2] D:\Desktop\ToolCSharpAndSourceCode\ToolRegFB\Rabbit\RabbitSell\bin\Debug\net461
[3] D:\Desktop\ToolCSharpAndSourceCode\ToolRegFB\Rabbit\RabbitSell\bin\Debug\net461\ToolRegFB.exe

BackgroundWorker started successfully.
Found total of 2 files and folders inside the zip file.
Extracting ToolRegFB12.01.23.exe [50%]
Extracting app/ [100%]
Successfully launched the updated application.


Thursday, 12 January, 2023 3:16:03 AM

ZipExtractor started with following command line arguments.
[0] D:\Desktop\ToolCSharpAndSourceCode\ToolRegFB\Rabbit\RabbitSell\bin\Debug\net461\update\ZipExtractor.exe
[1] update\update.zip
[2] D:\Desktop\ToolCSharpAndSourceCode\ToolRegFB\Rabbit\RabbitSell\bin\Debug\net461
[3] D:\Desktop\ToolCSharpAndSourceCode\ToolRegFB\Rabbit\RabbitSell\bin\Debug\net461\ToolRegFB.exe

BackgroundWorker started successfully.
Found total of 2 files and folders inside the zip file.
Extracting ToolRegFB.exe [50%]
Extracting app/ [100%]
Successfully launched the updated application.


Thursday, 12 January, 2023 3:22:07 AM

ZipExtractor started with following command line arguments.
[0] D:\Desktop\ToolCSharpAndSourceCode\ToolRegFB\Rabbit\RabbitSell\bin\Debug\net461\update\ZipExtractor.exe
[1] update\update.zip
[2] D:\Desktop\ToolCSharpAndSourceCode\ToolRegFB\Rabbit\RabbitSell\bin\Debug\net461
[3] D:\Desktop\ToolCSharpAndSourceCode\ToolRegFB\Rabbit\RabbitSell\bin\Debug\net461\ToolRegFB.exe

BackgroundWorker started successfully.
Found total of 4 files and folders inside the zip file.
Extracting ToolRegFB.exe [25%]
Extracting app/ [50%]
Extracting app/facebook.apk [75%]
Extracting app/facebooklite.apk [100%]
Successfully launched the updated application.


